<?xml version="1.0" encoding="UTF-8"?>
<!-- Generated by org.testng.reporters.JUnitXMLReporter -->
<testsuite hostname="S19" ignored="0" name="Default test" tests="1" failures="0" timestamp="01 Mar 2017 02:37:45 GMT" time="0.028" errors="0">
  <testcase name="@BeforeMethod beforeMethod" time="0.0" classname="demo.appium.parallel.andriod.Appium_TestNG_Sample_One">
    <failure type="org.testng.TestNGException" message="
Parameter &amp;apos;deviceName_&amp;apos; is required by BeforeMethod on method beforeMethod but has not been marked @Optional or defined
in C:\Users\wang.nan\AppData\Local\Temp\testng-eclipse-1206653313\testng-customsuite.xml">
      <![CDATA[org.testng.TestNGException: 
Parameter 'deviceName_' is required by BeforeMethod on method beforeMethod but has not been marked @Optional or defined
in C:\Users\wang.nan\AppData\Local\Temp\testng-eclipse-1206653313\testng-customsuite.xml
	at org.testng.internal.Parameters.createParameters(Parameters.java:199)
	at org.testng.internal.Parameters.createParameters(Parameters.java:443)
	at org.testng.internal.Parameters.createConfigurationParameters(Parameters.java:118)
	at org.testng.internal.Invoker.invokeConfigurations(Invoker.java:203)
	at org.testng.internal.Invoker.invokeMethod(Invoker.java:590)
	at org.testng.internal.Invoker.invokeTestMethod(Invoker.java:851)
	at org.testng.internal.Invoker.invokeTestMethods(Invoker.java:1177)
	at org.testng.internal.TestMethodWorker.invokeTestMethods(TestMethodWorker.java:129)
	at org.testng.internal.TestMethodWorker.run(TestMethodWorker.java:112)
	at org.testng.TestRunner.privateRun(TestRunner.java:756)
	at org.testng.TestRunner.run(TestRunner.java:610)
	at org.testng.SuiteRunner.runTest(SuiteRunner.java:387)
	at org.testng.SuiteRunner.runSequentially(SuiteRunner.java:382)
	at org.testng.SuiteRunner.privateRun(SuiteRunner.java:340)
	at org.testng.SuiteRunner.run(SuiteRunner.java:289)
	at org.testng.SuiteRunnerWorker.runSuite(SuiteRunnerWorker.java:52)
	at org.testng.SuiteRunnerWorker.run(SuiteRunnerWorker.java:86)
	at org.testng.TestNG.runSuitesSequentially(TestNG.java:1293)
	at org.testng.TestNG.runSuitesLocally(TestNG.java:1218)
	at org.testng.TestNG.runSuites(TestNG.java:1133)
	at org.testng.TestNG.run(TestNG.java:1104)
	at org.testng.remote.AbstractRemoteTestNG.run(AbstractRemoteTestNG.java:132)
	at org.testng.remote.RemoteTestNG.initAndRun(RemoteTestNG.java:236)
	at org.testng.remote.RemoteTestNG.main(RemoteTestNG.java:81)
]]>
    </failure>
  </testcase> <!-- @BeforeMethod beforeMethod -->
  <testcase name="@AfterMethod afterMethod" time="0.0" classname="demo.appium.parallel.andriod.Appium_TestNG_Sample_One">
    <skipped/>
  </testcase> <!-- @AfterMethod afterMethod -->
  <testcase name="Landing" time="0.005" classname="demo.appium.parallel.andriod.Appium_TestNG_Sample_One">
    <skipped/>
  </testcase> <!-- Landing -->
</testsuite> <!-- Default test -->
